<?xml version="1.0" encoding="UTF-8"?>
<testsuite xmlns:xsi="http://www.w3.org/2001/XMLSchema-instance" xsi:noNamespaceSchemaLocation="https://maven.apache.org/surefire/maven-surefire-plugin/xsd/surefire-test-report.xsd" name="com.aqqje.demo.DemoApplicationTests" time="13.982" tests="1" errors="0" skipped="0" failures="0">
  <properties>
    <property name="sun.desktop" value="windows"/>
    <property name="awt.toolkit" value="sun.awt.windows.WToolkit"/>
    <property name="file.encoding.pkg" value="sun.io"/>
    <property name="java.specification.version" value="1.8"/>
    <property name="sun.cpu.isalist" value="amd64"/>
    <property name="sun.jnu.encoding" value="GBK"/>
    <property name="java.class.path" value="E:\github\SpringBootLean\spring-boot-config\target\test-classes;E:\github\SpringBootLean\spring-boot-config\target\classes;C:\LearnEnv\Maven\maven-repository\org\springframework\boot\spring-boot-starter-web\2.0.3.RELEASE\spring-boot-starter-web-2.0.3.RELEASE.jar;C:\LearnEnv\Maven\maven-repository\org\springframework\boot\spring-boot-starter\2.0.3.RELEASE\spring-boot-starter-2.0.3.RELEASE.jar;C:\LearnEnv\Maven\maven-repository\org\springframework\boot\spring-boot\2.0.3.RELEASE\spring-boot-2.0.3.RELEASE.jar;C:\LearnEnv\Maven\maven-repository\org\springframework\boot\spring-boot-autoconfigure\2.0.3.RELEASE\spring-boot-autoconfigure-2.0.3.RELEASE.jar;C:\LearnEnv\Maven\maven-repository\org\springframework\boot\spring-boot-starter-logging\2.0.3.RELEASE\spring-boot-starter-logging-2.0.3.RELEASE.jar;C:\LearnEnv\Maven\maven-repository\ch\qos\logback\logback-classic\1.2.3\logback-classic-1.2.3.jar;C:\LearnEnv\Maven\maven-repository\ch\qos\logback\logback-core\1.2.3\logback-core-1.2.3.jar;C:\LearnEnv\Maven\maven-repository\org\apache\logging\log4j\log4j-to-slf4j\2.10.0\log4j-to-slf4j-2.10.0.jar;C:\LearnEnv\Maven\maven-repository\org\apache\logging\log4j\log4j-api\2.10.0\log4j-api-2.10.0.jar;C:\LearnEnv\Maven\maven-repository\org\slf4j\jul-to-slf4j\1.7.25\jul-to-slf4j-1.7.25.jar;C:\LearnEnv\Maven\maven-repository\javax\annotation\javax.annotation-api\1.3.2\javax.annotation-api-1.3.2.jar;C:\LearnEnv\Maven\maven-repository\org\yaml\snakeyaml\1.19\snakeyaml-1.19.jar;C:\LearnEnv\Maven\maven-repository\org\springframework\boot\spring-boot-starter-json\2.0.3.RELEASE\spring-boot-starter-json-2.0.3.RELEASE.jar;C:\LearnEnv\Maven\maven-repository\com\fasterxml\jackson\core\jackson-databind\2.9.6\jackson-databind-2.9.6.jar;C:\LearnEnv\Maven\maven-repository\com\fasterxml\jackson\core\jackson-annotations\2.9.0\jackson-annotations-2.9.0.jar;C:\LearnEnv\Maven\maven-repository\com\fasterxml\jackson\core\jackson-core\2.9.6\jackson-core-2.9.6.jar;C:\LearnEnv\Maven\maven-repository\com\fasterxml\jackson\datatype\jackson-datatype-jdk8\2.9.6\jackson-datatype-jdk8-2.9.6.jar;C:\LearnEnv\Maven\maven-repository\com\fasterxml\jackson\datatype\jackson-datatype-jsr310\2.9.6\jackson-datatype-jsr310-2.9.6.jar;C:\LearnEnv\Maven\maven-repository\com\fasterxml\jackson\module\jackson-module-parameter-names\2.9.6\jackson-module-parameter-names-2.9.6.jar;C:\LearnEnv\Maven\maven-repository\org\springframework\boot\spring-boot-starter-tomcat\2.0.3.RELEASE\spring-boot-starter-tomcat-2.0.3.RELEASE.jar;C:\LearnEnv\Maven\maven-repository\org\apache\tomcat\embed\tomcat-embed-core\8.5.31\tomcat-embed-core-8.5.31.jar;C:\LearnEnv\Maven\maven-repository\org\apache\tomcat\embed\tomcat-embed-el\8.5.31\tomcat-embed-el-8.5.31.jar;C:\LearnEnv\Maven\maven-repository\org\apache\tomcat\embed\tomcat-embed-websocket\8.5.31\tomcat-embed-websocket-8.5.31.jar;C:\LearnEnv\Maven\maven-repository\org\hibernate\validator\hibernate-validator\6.0.10.Final\hibernate-validator-6.0.10.Final.jar;C:\LearnEnv\Maven\maven-repository\javax\validation\validation-api\2.0.1.Final\validation-api-2.0.1.Final.jar;C:\LearnEnv\Maven\maven-repository\org\jboss\logging\jboss-logging\3.3.2.Final\jboss-logging-3.3.2.Final.jar;C:\LearnEnv\Maven\maven-repository\com\fasterxml\classmate\1.3.4\classmate-1.3.4.jar;C:\LearnEnv\Maven\maven-repository\org\springframework\spring-web\5.0.7.RELEASE\spring-web-5.0.7.RELEASE.jar;C:\LearnEnv\Maven\maven-repository\org\springframework\spring-beans\5.0.7.RELEASE\spring-beans-5.0.7.RELEASE.jar;C:\LearnEnv\Maven\maven-repository\org\springframework\spring-webmvc\5.0.7.RELEASE\spring-webmvc-5.0.7.RELEASE.jar;C:\LearnEnv\Maven\maven-repository\org\springframework\spring-aop\5.0.7.RELEASE\spring-aop-5.0.7.RELEASE.jar;C:\LearnEnv\Maven\maven-repository\org\springframework\spring-context\5.0.7.RELEASE\spring-context-5.0.7.RELEASE.jar;C:\LearnEnv\Maven\maven-repository\org\springframework\spring-expression\5.0.7.RELEASE\spring-expression-5.0.7.RELEASE.jar;C:\LearnEnv\Maven\maven-repository\org\springframework\boot\spring-boot-starter-test\2.0.3.RELEASE\spring-boot-starter-test-2.0.3.RELEASE.jar;C:\LearnEnv\Maven\maven-repository\org\springframework\boot\spring-boot-test\2.0.3.RELEASE\spring-boot-test-2.0.3.RELEASE.jar;C:\LearnEnv\Maven\maven-repository\org\springframework\boot\spring-boot-test-autoconfigure\2.0.3.RELEASE\spring-boot-test-autoconfigure-2.0.3.RELEASE.jar;C:\LearnEnv\Maven\maven-repository\com\jayway\jsonpath\json-path\2.4.0\json-path-2.4.0.jar;C:\LearnEnv\Maven\maven-repository\net\minidev\json-smart\2.3\json-smart-2.3.jar;C:\LearnEnv\Maven\maven-repository\net\minidev\accessors-smart\1.2\accessors-smart-1.2.jar;C:\LearnEnv\Maven\maven-repository\org\ow2\asm\asm\5.0.4\asm-5.0.4.jar;C:\LearnEnv\Maven\maven-repository\org\slf4j\slf4j-api\1.7.25\slf4j-api-1.7.25.jar;C:\LearnEnv\Maven\maven-repository\junit\junit\4.12\junit-4.12.jar;C:\LearnEnv\Maven\maven-repository\org\assertj\assertj-core\3.9.1\assertj-core-3.9.1.jar;C:\LearnEnv\Maven\maven-repository\org\mockito\mockito-core\2.15.0\mockito-core-2.15.0.jar;C:\LearnEnv\Maven\maven-repository\net\bytebuddy\byte-buddy\1.7.11\byte-buddy-1.7.11.jar;C:\LearnEnv\Maven\maven-repository\net\bytebuddy\byte-buddy-agent\1.7.11\byte-buddy-agent-1.7.11.jar;C:\LearnEnv\Maven\maven-repository\org\objenesis\objenesis\2.6\objenesis-2.6.jar;C:\LearnEnv\Maven\maven-repository\org\hamcrest\hamcrest-core\1.3\hamcrest-core-1.3.jar;C:\LearnEnv\Maven\maven-repository\org\hamcrest\hamcrest-library\1.3\hamcrest-library-1.3.jar;C:\LearnEnv\Maven\maven-repository\org\skyscreamer\jsonassert\1.5.0\jsonassert-1.5.0.jar;C:\LearnEnv\Maven\maven-repository\com\vaadin\external\google\android-json\0.0.20131108.vaadin1\android-json-0.0.20131108.vaadin1.jar;C:\LearnEnv\Maven\maven-repository\org\springframework\spring-core\5.0.7.RELEASE\spring-core-5.0.7.RELEASE.jar;C:\LearnEnv\Maven\maven-repository\org\springframework\spring-jcl\5.0.7.RELEASE\spring-jcl-5.0.7.RELEASE.jar;C:\LearnEnv\Maven\maven-repository\org\springframework\spring-test\5.0.7.RELEASE\spring-test-5.0.7.RELEASE.jar;C:\LearnEnv\Maven\maven-repository\org\xmlunit\xmlunit-core\2.5.1\xmlunit-core-2.5.1.jar;"/>
    <property name="java.vm.vendor" value="Oracle Corporation"/>
    <property name="sun.arch.data.model" value="64"/>
    <property name="user.variant" value=""/>
    <property name="java.vendor.url" value="http://java.oracle.com/"/>
    <property name="user.timezone" value=""/>
    <property name="java.vm.specification.version" value="1.8"/>
    <property name="os.name" value="Windows 7"/>
    <property name="user.country" value="CN"/>
    <property name="sun.java.launcher" value="SUN_STANDARD"/>
    <property name="sun.boot.library.path" value="C:\LearnEnv\java1.8\jdk1.8\jre\bin"/>
    <property name="sun.java.command" value="C:\Users\ADMINI~1\AppData\Local\Temp\surefire927894224350861702\surefirebooter825257249493064010.jar C:\Users\Administrator\AppData\Local\Temp\surefire927894224350861702 2018-07-29T15-39-38_511-jvmRun1 surefire3118378474816745696tmp surefire_04740608085615100132tmp"/>
    <property name="surefire.test.class.path" value="E:\github\SpringBootLean\spring-boot-config\target\test-classes;E:\github\SpringBootLean\spring-boot-config\target\classes;C:\LearnEnv\Maven\maven-repository\org\springframework\boot\spring-boot-starter-web\2.0.3.RELEASE\spring-boot-starter-web-2.0.3.RELEASE.jar;C:\LearnEnv\Maven\maven-repository\org\springframework\boot\spring-boot-starter\2.0.3.RELEASE\spring-boot-starter-2.0.3.RELEASE.jar;C:\LearnEnv\Maven\maven-repository\org\springframework\boot\spring-boot\2.0.3.RELEASE\spring-boot-2.0.3.RELEASE.jar;C:\LearnEnv\Maven\maven-repository\org\springframework\boot\spring-boot-autoconfigure\2.0.3.RELEASE\spring-boot-autoconfigure-2.0.3.RELEASE.jar;C:\LearnEnv\Maven\maven-repository\org\springframework\boot\spring-boot-starter-logging\2.0.3.RELEASE\spring-boot-starter-logging-2.0.3.RELEASE.jar;C:\LearnEnv\Maven\maven-repository\ch\qos\logback\logback-classic\1.2.3\logback-classic-1.2.3.jar;C:\LearnEnv\Maven\maven-repository\ch\qos\logback\logback-core\1.2.3\logback-core-1.2.3.jar;C:\LearnEnv\Maven\maven-repository\org\apache\logging\log4j\log4j-to-slf4j\2.10.0\log4j-to-slf4j-2.10.0.jar;C:\LearnEnv\Maven\maven-repository\org\apache\logging\log4j\log4j-api\2.10.0\log4j-api-2.10.0.jar;C:\LearnEnv\Maven\maven-repository\org\slf4j\jul-to-slf4j\1.7.25\jul-to-slf4j-1.7.25.jar;C:\LearnEnv\Maven\maven-repository\javax\annotation\javax.annotation-api\1.3.2\javax.annotation-api-1.3.2.jar;C:\LearnEnv\Maven\maven-repository\org\yaml\snakeyaml\1.19\snakeyaml-1.19.jar;C:\LearnEnv\Maven\maven-repository\org\springframework\boot\spring-boot-starter-json\2.0.3.RELEASE\spring-boot-starter-json-2.0.3.RELEASE.jar;C:\LearnEnv\Maven\maven-repository\com\fasterxml\jackson\core\jackson-databind\2.9.6\jackson-databind-2.9.6.jar;C:\LearnEnv\Maven\maven-repository\com\fasterxml\jackson\core\jackson-annotations\2.9.0\jackson-annotations-2.9.0.jar;C:\LearnEnv\Maven\maven-repository\com\fasterxml\jackson\core\jackson-core\2.9.6\jackson-core-2.9.6.jar;C:\LearnEnv\Maven\maven-repository\com\fasterxml\jackson\datatype\jackson-datatype-jdk8\2.9.6\jackson-datatype-jdk8-2.9.6.jar;C:\LearnEnv\Maven\maven-repository\com\fasterxml\jackson\datatype\jackson-datatype-jsr310\2.9.6\jackson-datatype-jsr310-2.9.6.jar;C:\LearnEnv\Maven\maven-repository\com\fasterxml\jackson\module\jackson-module-parameter-names\2.9.6\jackson-module-parameter-names-2.9.6.jar;C:\LearnEnv\Maven\maven-repository\org\springframework\boot\spring-boot-starter-tomcat\2.0.3.RELEASE\spring-boot-starter-tomcat-2.0.3.RELEASE.jar;C:\LearnEnv\Maven\maven-repository\org\apache\tomcat\embed\tomcat-embed-core\8.5.31\tomcat-embed-core-8.5.31.jar;C:\LearnEnv\Maven\maven-repository\org\apache\tomcat\embed\tomcat-embed-el\8.5.31\tomcat-embed-el-8.5.31.jar;C:\LearnEnv\Maven\maven-repository\org\apache\tomcat\embed\tomcat-embed-websocket\8.5.31\tomcat-embed-websocket-8.5.31.jar;C:\LearnEnv\Maven\maven-repository\org\hibernate\validator\hibernate-validator\6.0.10.Final\hibernate-validator-6.0.10.Final.jar;C:\LearnEnv\Maven\maven-repository\javax\validation\validation-api\2.0.1.Final\validation-api-2.0.1.Final.jar;C:\LearnEnv\Maven\maven-repository\org\jboss\logging\jboss-logging\3.3.2.Final\jboss-logging-3.3.2.Final.jar;C:\LearnEnv\Maven\maven-repository\com\fasterxml\classmate\1.3.4\classmate-1.3.4.jar;C:\LearnEnv\Maven\maven-repository\org\springframework\spring-web\5.0.7.RELEASE\spring-web-5.0.7.RELEASE.jar;C:\LearnEnv\Maven\maven-repository\org\springframework\spring-beans\5.0.7.RELEASE\spring-beans-5.0.7.RELEASE.jar;C:\LearnEnv\Maven\maven-repository\org\springframework\spring-webmvc\5.0.7.RELEASE\spring-webmvc-5.0.7.RELEASE.jar;C:\LearnEnv\Maven\maven-repository\org\springframework\spring-aop\5.0.7.RELEASE\spring-aop-5.0.7.RELEASE.jar;C:\LearnEnv\Maven\maven-repository\org\springframework\spring-context\5.0.7.RELEASE\spring-context-5.0.7.RELEASE.jar;C:\LearnEnv\Maven\maven-repository\org\springframework\spring-expression\5.0.7.RELEASE\spring-expression-5.0.7.RELEASE.jar;C:\LearnEnv\Maven\maven-repository\org\springframework\boot\spring-boot-starter-test\2.0.3.RELEASE\spring-boot-starter-test-2.0.3.RELEASE.jar;C:\LearnEnv\Maven\maven-repository\org\springframework\boot\spring-boot-test\2.0.3.RELEASE\spring-boot-test-2.0.3.RELEASE.jar;C:\LearnEnv\Maven\maven-repository\org\springframework\boot\spring-boot-test-autoconfigure\2.0.3.RELEASE\spring-boot-test-autoconfigure-2.0.3.RELEASE.jar;C:\LearnEnv\Maven\maven-repository\com\jayway\jsonpath\json-path\2.4.0\json-path-2.4.0.jar;C:\LearnEnv\Maven\maven-repository\net\minidev\json-smart\2.3\json-smart-2.3.jar;C:\LearnEnv\Maven\maven-repository\net\minidev\accessors-smart\1.2\accessors-smart-1.2.jar;C:\LearnEnv\Maven\maven-repository\org\ow2\asm\asm\5.0.4\asm-5.0.4.jar;C:\LearnEnv\Maven\maven-repository\org\slf4j\slf4j-api\1.7.25\slf4j-api-1.7.25.jar;C:\LearnEnv\Maven\maven-repository\junit\junit\4.12\junit-4.12.jar;C:\LearnEnv\Maven\maven-repository\org\assertj\assertj-core\3.9.1\assertj-core-3.9.1.jar;C:\LearnEnv\Maven\maven-repository\org\mockito\mockito-core\2.15.0\mockito-core-2.15.0.jar;C:\LearnEnv\Maven\maven-repository\net\bytebuddy\byte-buddy\1.7.11\byte-buddy-1.7.11.jar;C:\LearnEnv\Maven\maven-repository\net\bytebuddy\byte-buddy-agent\1.7.11\byte-buddy-agent-1.7.11.jar;C:\LearnEnv\Maven\maven-repository\org\objenesis\objenesis\2.6\objenesis-2.6.jar;C:\LearnEnv\Maven\maven-repository\org\hamcrest\hamcrest-core\1.3\hamcrest-core-1.3.jar;C:\LearnEnv\Maven\maven-repository\org\hamcrest\hamcrest-library\1.3\hamcrest-library-1.3.jar;C:\LearnEnv\Maven\maven-repository\org\skyscreamer\jsonassert\1.5.0\jsonassert-1.5.0.jar;C:\LearnEnv\Maven\maven-repository\com\vaadin\external\google\android-json\0.0.20131108.vaadin1\android-json-0.0.20131108.vaadin1.jar;C:\LearnEnv\Maven\maven-repository\org\springframework\spring-core\5.0.7.RELEASE\spring-core-5.0.7.RELEASE.jar;C:\LearnEnv\Maven\maven-repository\org\springframework\spring-jcl\5.0.7.RELEASE\spring-jcl-5.0.7.RELEASE.jar;C:\LearnEnv\Maven\maven-repository\org\springframework\spring-test\5.0.7.RELEASE\spring-test-5.0.7.RELEASE.jar;C:\LearnEnv\Maven\maven-repository\org\xmlunit\xmlunit-core\2.5.1\xmlunit-core-2.5.1.jar;"/>
    <property name="sun.cpu.endian" value="little"/>
    <property name="user.home" value="C:\Users\Administrator"/>
    <property name="user.language" value="zh"/>
    <property name="java.specification.vendor" value="Oracle Corporation"/>
    <property name="java.home" value="C:\LearnEnv\java1.8\jdk1.8\jre"/>
    <property name="basedir" value="E:\github\SpringBootLean\spring-boot-config"/>
    <property name="file.separator" value="\"/>
    <property name="line.separator" value="&#10;"/>
    <property name="java.vm.specification.vendor" value="Oracle Corporation"/>
    <property name="java.specification.name" value="Java Platform API Specification"/>
    <property name="java.awt.graphicsenv" value="sun.awt.Win32GraphicsEnvironment"/>
    <property name="surefire.real.class.path" value="C:\Users\ADMINI~1\AppData\Local\Temp\surefire927894224350861702\surefirebooter825257249493064010.jar"/>
    <property name="sun.boot.class.path" value="C:\LearnEnv\java1.8\jdk1.8\jre\lib\resources.jar;C:\LearnEnv\java1.8\jdk1.8\jre\lib\rt.jar;C:\LearnEnv\java1.8\jdk1.8\jre\lib\sunrsasign.jar;C:\LearnEnv\java1.8\jdk1.8\jre\lib\jsse.jar;C:\LearnEnv\java1.8\jdk1.8\jre\lib\jce.jar;C:\LearnEnv\java1.8\jdk1.8\jre\lib\charsets.jar;C:\LearnEnv\java1.8\jdk1.8\jre\lib\jfr.jar;C:\LearnEnv\java1.8\jdk1.8\jre\classes"/>
    <property name="user.script" value=""/>
    <property name="sun.management.compiler" value="HotSpot 64-Bit Tiered Compilers"/>
    <property name="java.runtime.version" value="1.8.0_171-b11"/>
    <property name="user.name" value="Administrator"/>
    <property name="path.separator" value=";"/>
    <property name="os.version" value="6.1"/>
    <property name="java.endorsed.dirs" value="C:\LearnEnv\java1.8\jdk1.8\jre\lib\endorsed"/>
    <property name="java.runtime.name" value="Java(TM) SE Runtime Environment"/>
    <property name="file.encoding" value="GBK"/>
    <property name="java.vm.name" value="Java HotSpot(TM) 64-Bit Server VM"/>
    <property name="localRepository" value="C:\LearnEnv\Maven\maven-repository"/>
    <property name="java.vendor.url.bug" value="http://bugreport.sun.com/bugreport/"/>
    <property name="java.io.tmpdir" value="C:\Users\ADMINI~1\AppData\Local\Temp\"/>
    <property name="idea.version" value="2018.1.1"/>
    <property name="java.version" value="1.8.0_171"/>
    <property name="user.dir" value="E:\github\SpringBootLean\spring-boot-config"/>
    <property name="os.arch" value="amd64"/>
    <property name="java.vm.specification.name" value="Java Virtual Machine Specification"/>
    <property name="java.awt.printerjob" value="sun.awt.windows.WPrinterJob"/>
    <property name="sun.os.patch.level" value="Service Pack 1"/>
    <property name="java.library.path" value="C:\LearnEnv\java1.8\jdk1.8\jre\bin;C:\Windows\Sun\Java\bin;C:\Windows\system32;C:\Windows;E:\Android SDK\tools;E:\Android SDK\platform-tools;C:\LearnEnv\Maven\apache-maven-3.5.3\bin\;C:\Program Files (x86)\Common Files\Oracle\Java\javapath;C:\LearnEnv\java1.8\jdk1.8\bin;C:\LearnEnv\java1.8\jdk1.8\jre\bin;C:\Windows\system32;C:\Windows;C:\Windows\System32\Wbem;C:\Windows\System32\WindowsPowerShell\v1.0\;D:\LearnSoft\Git\Git\cmd;D:\LearnSoft\Node.js\;C:\Program Files\MySQL\MySQL Utilities 1.6\;C:\LearnEnv\python3x\Scripts\;C:\LearnEnv\python3x\;C:\Users\Administrator\AppData\Roaming\npm;."/>
    <property name="java.vm.info" value="mixed mode"/>
    <property name="java.vendor" value="Oracle Corporation"/>
    <property name="java.vm.version" value="25.171-b11"/>
    <property name="java.ext.dirs" value="C:\LearnEnv\java1.8\jdk1.8\jre\lib\ext;C:\Windows\Sun\Java\lib\ext"/>
    <property name="sun.io.unicode.encoding" value="UnicodeLittle"/>
    <property name="maven.repo.local" value="C:\LearnEnv\Maven\maven-repository"/>
    <property name="java.class.version" value="52.0"/>
  </properties>
  <testcase name="contextLoads" classname="com.aqqje.demo.DemoApplicationTests" time="3.649"/>
</testsuite>